[debug] [2026-05-08T11:44:21.315Z] ----------------------------------------------------------------------
[debug] [2026-05-08T11:44:21.318Z] Command:       C:\Program Files\nodejs\node.exe C:\Program Files\nodejs\node_modules\firebase-tools\lib\bin\firebase.js projects:list
[debug] [2026-05-08T11:44:21.318Z] CLI Version:   14.15.2
[debug] [2026-05-08T11:44:21.319Z] Platform:      win32
[debug] [2026-05-08T11:44:21.319Z] Node Version:  v21.4.0
[debug] [2026-05-08T11:44:21.319Z] Time:          Fri May 08 2026 17:14:21 GMT+0530 (India Standard Time)
[debug] [2026-05-08T11:44:21.319Z] ----------------------------------------------------------------------
[debug] 
[debug] [2026-05-08T11:44:21.322Z] >>> [apiv2][query] GET https://firebase-public.firebaseio.com/cli.json [none]
[debug] [2026-05-08T11:44:21.379Z] > command requires scopes: ["email","openid","https://www.googleapis.com/auth/cloudplatformprojects.readonly","https://www.googleapis.com/auth/firebase","https://www.googleapis.com/auth/cloud-platform"]
[debug] [2026-05-08T11:44:21.379Z] > authorizing via signed-in user (sapanmathur2000@gmail.com)
[debug] [2026-05-08T11:44:21.383Z] Checked if tokens are valid: false, expires at: 1757279946552
[debug] [2026-05-08T11:44:21.383Z] Checked if tokens are valid: false, expires at: 1757279946552
[debug] [2026-05-08T11:44:21.383Z] > refreshing access token with scopes: []
[debug] [2026-05-08T11:44:21.385Z] >>> [apiv2][query] POST https://www.googleapis.com/oauth2/v3/token [none]
[debug] [2026-05-08T11:44:21.385Z] >>> [apiv2][body] POST https://www.googleapis.com/oauth2/v3/token [omitted]
[debug] [2026-05-08T11:44:21.603Z] <<< [apiv2][status] POST https://www.googleapis.com/oauth2/v3/token 400
[debug] [2026-05-08T11:44:21.603Z] <<< [apiv2][body] POST https://www.googleapis.com/oauth2/v3/token [omitted]
[debug] [2026-05-08T11:44:21.604Z] >>> [apiv2][query] GET https://firebase.googleapis.com/v1beta1/projects pageSize=1000
[debug] [2026-05-08T11:44:21.829Z] <<< [apiv2][status] GET https://firebase.googleapis.com/v1beta1/projects 401
[debug] [2026-05-08T11:44:21.830Z] <<< [apiv2][body] GET https://firebase.googleapis.com/v1beta1/projects [omitted]
[debug] [2026-05-08T11:44:21.830Z] Got a 401 Unauthenticated error for a call that required authentication. Refreshing tokens.
[debug] [2026-05-08T11:44:21.830Z] Checked if tokens are valid: false, expires at: 1757279946552
[debug] [2026-05-08T11:44:21.830Z] Checked if tokens are valid: false, expires at: 1757279946552
[debug] [2026-05-08T11:44:21.830Z] > refreshing access token with scopes: []
[debug] [2026-05-08T11:44:21.830Z] >>> [apiv2][query] POST https://www.googleapis.com/oauth2/v3/token [none]
[debug] [2026-05-08T11:44:21.830Z] >>> [apiv2][body] POST https://www.googleapis.com/oauth2/v3/token [omitted]
[debug] [2026-05-08T11:44:21.927Z] <<< [apiv2][status] POST https://www.googleapis.com/oauth2/v3/token 400
[debug] [2026-05-08T11:44:21.927Z] <<< [apiv2][body] POST https://www.googleapis.com/oauth2/v3/token [omitted]
[debug] [2026-05-08T11:44:21.928Z] Request to https://firebase.googleapis.com/v1beta1/projects?pageSize=1000 had HTTP Error: 401, Request had invalid authentication credentials. Expected OAuth 2 access token, login cookie or other valid authentication credential. See https://developers.google.com/identity/sign-in/web/devconsole-project.
[debug] [2026-05-08T11:44:21.996Z] <<< [apiv2][status] GET https://firebase-public.firebaseio.com/cli.json 200
[debug] [2026-05-08T11:44:21.996Z] <<< [apiv2][body] GET https://firebase-public.firebaseio.com/cli.json {"cloudBuildErrorAfter":1594252800000,"cloudBuildWarnAfter":1590019200000,"defaultNode10After":1594252800000,"minVersion":"3.0.5","node8DeploysDisabledAfter":1613390400000,"node8RuntimeDisabledAfter":1615809600000,"node8WarnAfter":1600128000000}
[debug] [2026-05-08T11:44:22.091Z] FirebaseError: Request to https://firebase.googleapis.com/v1beta1/projects?pageSize=1000 had HTTP Error: 401, Request had invalid authentication credentials. Expected OAuth 2 access token, login cookie or other valid authentication credential. See https://developers.google.com/identity/sign-in/web/devconsole-project.
    at responseToError (C:\Users\sapan\AppData\Roaming\nvm\v21.4.0\node_modules\firebase-tools\lib\responseToError.js:52:12)
    at RetryOperation._fn (C:\Users\sapan\AppData\Roaming\nvm\v21.4.0\node_modules\firebase-tools\lib\apiv2.js:312:77)
    at process.processTicksAndRejections (node:internal/process/task_queues:95:5)
[error] 
[error] Error: Failed to list Firebase projects. See firebase-debug.log for more info.
